<?xml version="1.0" encoding="UTF-8"?>
<!-- Generated by org.testng.reporters.JUnitReportReporter -->
<testsuite skipped="0" hostname="Xiaos-MacBook-Air.local" name="qa.test.testcases.BaseTest" tests="2" failures="0" timestamp="06 Nov 2018 15:52:41 GMT" time="0.020" errors="0">
  <testcase name="f" time="0.010" classname="qa.test.testcases.BaseTest"/>
  <testcase name="f" time="0.010" classname="qa.test.testcases.BaseTest"/>
</testsuite> <!-- qa.test.testcases.BaseTest -->
