<?xml version="1.0" encoding="UTF-8"?>
<!-- Generated by org.testng.reporters.JUnitReportReporter -->
<testsuite skipped="0" hostname="Xiaos-MacBook-Air.local" name="qa.test.testcases.BaseTest" tests="1" failures="0" timestamp="06 Nov 2018 16:45:00 GMT" time="8.295" errors="0">
  <testcase name="function" time="8.295" classname="qa.test.testcases.BaseTest"/>
</testsuite> <!-- qa.test.testcases.BaseTest -->
