<?xml version="1.0" encoding="UTF-8"?>
<!-- Generated by org.testng.reporters.JUnitReportReporter -->
<testsuite skipped="0" hostname="Xiaos-MacBook-Air.local" name="qa.test.testcases.HomePageTest" tests="6" failures="0" timestamp="06 Nov 2018 18:01:52 GMT" time="49.126" errors="0">
  <testcase name="test1Func" time="5.554" classname="qa.test.testcases.HomePageTest"/>
  <testcase name="test3Func" time="8.201" classname="qa.test.testcases.HomePageTest"/>
  <testcase name="test5Func" time="9.670" classname="qa.test.testcases.HomePageTest"/>
  <testcase name="test2Func" time="8.629" classname="qa.test.testcases.HomePageTest"/>
  <testcase name="test4Func" time="8.560" classname="qa.test.testcases.HomePageTest"/>
  <testcase name="test6Func" time="8.512" classname="qa.test.testcases.HomePageTest"/>
</testsuite> <!-- qa.test.testcases.HomePageTest -->
