<?xml version="1.0" encoding="UTF-8"?>
<!-- Generated by org.testng.reporters.JUnitReportReporter -->
<testsuite skipped="0" hostname="Xiaos-MacBook-Air.local" name="qa.test.testcases.HomePageTest" tests="6" failures="0" timestamp="07 Nov 2018 18:40:18 GMT" time="37.723" errors="0">
  <testcase name="test4Func" time="4.507" classname="qa.test.testcases.HomePageTest"/>
  <testcase name="test2Func" time="4.679" classname="qa.test.testcases.HomePageTest"/>
  <testcase name="test1Func" time="5.642" classname="qa.test.testcases.HomePageTest"/>
  <testcase name="test5Func" time="11.844" classname="qa.test.testcases.HomePageTest"/>
  <testcase name="test3Func" time="6.644" classname="qa.test.testcases.HomePageTest"/>
  <testcase name="test6Func" time="4.407" classname="qa.test.testcases.HomePageTest"/>
</testsuite> <!-- qa.test.testcases.HomePageTest -->
